<?xml version="1.0" encoding="UTF-8"?>
<testng-results ignored="0" total="1" passed="1" failed="0" skipped="0">
  <reporter-output>
  </reporter-output>
  <suite started-at="2022-08-17T11:13:46 IST" name="Default suite" finished-at="2022-08-17T11:14:19 IST" duration-ms="33101">
    <groups>
    </groups>
    <test started-at="2022-08-17T11:13:46 IST" name="Default test" finished-at="2022-08-17T11:14:19 IST" duration-ms="33101">
      <class name="org.viaje.adminmoduletestng.ManagePageTestng">
        <test-method is-config="true" signature="configBS()[pri:0, instance:org.viaje.adminmoduletestng.ManagePageTestng@f736069]" started-at="2022-08-17T11:13:46 IST" name="configBS" finished-at="2022-08-17T11:13:46 IST" duration-ms="6" status="PASS">
          <reporter-output>
          </reporter-output>
        </test-method> <!-- configBS -->
        <test-method is-config="true" signature="configBC()[pri:0, instance:org.viaje.adminmoduletestng.ManagePageTestng@f736069]" started-at="2022-08-17T11:13:46 IST" name="configBC" finished-at="2022-08-17T11:13:49 IST" duration-ms="2931" status="PASS">
          <reporter-output>
          </reporter-output>
        </test-method> <!-- configBC -->
        <test-method is-config="true" signature="configBM()[pri:0, instance:org.viaje.adminmoduletestng.ManagePageTestng@f736069]" started-at="2022-08-17T11:13:49 IST" name="configBM" finished-at="2022-08-17T11:13:51 IST" duration-ms="1685" status="PASS">
          <reporter-output>
          </reporter-output>
        </test-method> <!-- configBM -->
        <test-method signature="Manage()[pri:0, instance:org.viaje.adminmoduletestng.ManagePageTestng@f736069]" started-at="2022-08-17T11:13:51 IST" name="Manage" finished-at="2022-08-17T11:14:17 IST" duration-ms="26241" status="PASS">
          <reporter-output>
          </reporter-output>
        </test-method> <!-- Manage -->
        <test-method is-config="true" signature="configAM()[pri:0, instance:org.viaje.adminmoduletestng.ManagePageTestng@f736069]" started-at="2022-08-17T11:14:17 IST" name="configAM" finished-at="2022-08-17T11:14:18 IST" duration-ms="1139" status="PASS">
          <reporter-output>
          </reporter-output>
        </test-method> <!-- configAM -->
        <test-method is-config="true" signature="configAC()[pri:0, instance:org.viaje.adminmoduletestng.ManagePageTestng@f736069]" started-at="2022-08-17T11:14:18 IST" name="configAC" finished-at="2022-08-17T11:14:19 IST" duration-ms="1079" status="PASS">
          <reporter-output>
          </reporter-output>
        </test-method> <!-- configAC -->
        <test-method is-config="true" signature="configAS()[pri:0, instance:org.viaje.adminmoduletestng.ManagePageTestng@f736069]" started-at="2022-08-17T11:14:19 IST" name="configAS" finished-at="2022-08-17T11:14:19 IST" duration-ms="0" status="PASS">
          <reporter-output>
          </reporter-output>
        </test-method> <!-- configAS -->
      </class> <!-- org.viaje.adminmoduletestng.ManagePageTestng -->
    </test> <!-- Default test -->
  </suite> <!-- Default suite -->
</testng-results>
